The system is: Linux - 3.10.0-862.el7.x86_64 - x86_64
Compiling the C compiler identification source file "CMakeCCompilerId.c" succeeded.
Compiler: /apps/sylar/bin/gcc 
Build flags: 
Id flags:  

The output was:
0


Compilation of the C compiler identification source "CMakeCCompilerId.c" produced "a.out"

The C compiler identification is GNU, found in "/home/sylar/build/CMakeFiles/3.15.0-rc1/CompilerIdC/a.out"

Compiling the CXX compiler identification source file "CMakeCXXCompilerId.cpp" succeeded.
Compiler: /apps/sylar/bin/g++ 
Build flags: 
Id flags:  

The output was:
0


Compilation of the CXX compiler identification source "CMakeCXXCompilerId.cpp" produced "a.out"

The CXX compiler identification is GNU, found in "/home/sylar/build/CMakeFiles/3.15.0-rc1/CompilerIdCXX/a.out"

Determining if the C compiler works passed with the following output:
Change Dir: /home/sylar/build/CMakeFiles/CMakeTmp

Run Build Command(s):/usr/bin/gmake cmTC_b4c93/fast && /usr/bin/gmake -f CMakeFiles/cmTC_b4c93.dir/build.make CMakeFiles/cmTC_b4c93.dir/build
gmake[1]: Entering directory `/home/sylar/build/CMakeFiles/CMakeTmp'
Building C object CMakeFiles/cmTC_b4c93.dir/testCCompiler.c.o
/apps/sylar/bin/gcc    -o CMakeFiles/cmTC_b4c93.dir/testCCompiler.c.o   -c /home/sylar/build/CMakeFiles/CMakeTmp/testCCompiler.c
Linking C executable cmTC_b4c93
/apps/sylar/bin/cmake -E cmake_link_script CMakeFiles/cmTC_b4c93.dir/link.txt --verbose=1
/apps/sylar/bin/gcc      -rdynamic CMakeFiles/cmTC_b4c93.dir/testCCompiler.c.o  -o cmTC_b4c93 
gmake[1]: Leaving directory `/home/sylar/build/CMakeFiles/CMakeTmp'



Detecting C compiler ABI info compiled with the following output:
Change Dir: /home/sylar/build/CMakeFiles/CMakeTmp

Run Build Command(s):/usr/bin/gmake cmTC_aa6cf/fast && /usr/bin/gmake -f CMakeFiles/cmTC_aa6cf.dir/build.make CMakeFiles/cmTC_aa6cf.dir/build
gmake[1]: Entering directory `/home/sylar/build/CMakeFiles/CMakeTmp'
Building C object CMakeFiles/cmTC_aa6cf.dir/CMakeCCompilerABI.c.o
/apps/sylar/bin/gcc   -v -o CMakeFiles/cmTC_aa6cf.dir/CMakeCCompilerABI.c.o   -c /apps/sylar/share/cmake-3.15/Modules/CMakeCCompilerABI.c
Using built-in specs.
COLLECT_GCC=/apps/sylar/bin/gcc
Target: x86_64-pc-linux-gnu
Configured with: ../configure --enable-checking=release --enable-languages=c,c++ --disable-multilib --prefix=/apps/sylar
Thread model: posix
gcc version 9.1.0 (GCC) 
COLLECT_GCC_OPTIONS='-v' '-o' 'CMakeFiles/cmTC_aa6cf.dir/CMakeCCompilerABI.c.o' '-c' '-mtune=generic' '-march=x86-64'
 /apps/sylar/libexec/gcc/x86_64-pc-linux-gnu/9.1.0/cc1 -quiet -v /apps/sylar/share/cmake-3.15/Modules/CMakeCCompilerABI.c -quiet -dumpbase CMakeCCompilerABI.c -mtune=generic -march=x86-64 -auxbase-strip CMakeFiles/cmTC_aa6cf.dir/CMakeCCompilerABI.c.o -version -o /tmp/ccBpcjbd.s
GNU C17 (GCC) version 9.1.0 (x86_64-pc-linux-gnu)
	compiled by GNU C version 9.1.0, GMP version 6.1.0, MPFR version 3.1.4, MPC version 1.0.3, isl version isl-0.18-GMP

GGC heuristics: --param ggc-min-expand=100 --param ggc-min-heapsize=131072
ignoring nonexistent directory "/apps/sylar/lib/gcc/x86_64-pc-linux-gnu/9.1.0/../../../../x86_64-pc-linux-gnu/include"
#include "..." search starts here:
#include <...> search starts here:
 /apps/sylar/lib/gcc/x86_64-pc-linux-gnu/9.1.0/include
 /usr/local/include
 /apps/sylar/include
 /apps/sylar/lib/gcc/x86_64-pc-linux-gnu/9.1.0/include-fixed
 /usr/include
End of search list.
GNU C17 (GCC) version 9.1.0 (x86_64-pc-linux-gnu)
	compiled by GNU C version 9.1.0, GMP version 6.1.0, MPFR version 3.1.4, MPC version 1.0.3, isl version isl-0.18-GMP

GGC heuristics: --param ggc-min-expand=100 --param ggc-min-heapsize=131072
Compiler executable checksum: 7ca9fab75fb9d12fd8fdf3772b0fb4f5
COLLECT_GCC_OPTIONS='-v' '-o' 'CMakeFiles/cmTC_aa6cf.dir/CMakeCCompilerABI.c.o' '-c' '-mtune=generic' '-march=x86-64'
 as -v --64 -o CMakeFiles/cmTC_aa6cf.dir/CMakeCCompilerABI.c.o /tmp/ccBpcjbd.s
GNU assembler version 2.27 (x86_64-redhat-linux) using BFD version version 2.27-27.base.el7
COMPILER_PATH=/apps/sylar/libexec/gcc/x86_64-pc-linux-gnu/9.1.0/:/apps/sylar/libexec/gcc/x86_64-pc-linux-gnu/9.1.0/:/apps/sylar/libexec/gcc/x86_64-pc-linux-gnu/:/apps/sylar/lib/gcc/x86_64-pc-linux-gnu/9.1.0/:/apps/sylar/lib/gcc/x86_64-pc-linux-gnu/
LIBRARY_PATH=/apps/sylar/lib/gcc/x86_64-pc-linux-gnu/9.1.0/:/apps/sylar/lib/gcc/x86_64-pc-linux-gnu/9.1.0/../../../../lib64/:/lib/../lib64/:/usr/lib/../lib64/:/apps/sylar/lib/gcc/x86_64-pc-linux-gnu/9.1.0/../../../:/lib/:/usr/lib/
COLLECT_GCC_OPTIONS='-v' '-o' 'CMakeFiles/cmTC_aa6cf.dir/CMakeCCompilerABI.c.o' '-c' '-mtune=generic' '-march=x86-64'
Linking C executable cmTC_aa6cf
/apps/sylar/bin/cmake -E cmake_link_script CMakeFiles/cmTC_aa6cf.dir/link.txt --verbose=1
/apps/sylar/bin/gcc     -v -rdynamic CMakeFiles/cmTC_aa6cf.dir/CMakeCCompilerABI.c.o  -o cmTC_aa6cf 
Using built-in specs.
COLLECT_GCC=/apps/sylar/bin/gcc
COLLECT_LTO_WRAPPER=/apps/sylar/libexec/gcc/x86_64-pc-linux-gnu/9.1.0/lto-wrapper
Target: x86_64-pc-linux-gnu
Configured with: ../configure --enable-checking=release --enable-languages=c,c++ --disable-multilib --prefix=/apps/sylar
Thread model: posix
gcc version 9.1.0 (GCC) 
COMPILER_PATH=/apps/sylar/libexec/gcc/x86_64-pc-linux-gnu/9.1.0/:/apps/sylar/libexec/gcc/x86_64-pc-linux-gnu/9.1.0/:/apps/sylar/libexec/gcc/x86_64-pc-linux-gnu/:/apps/sylar/lib/gcc/x86_64-pc-linux-gnu/9.1.0/:/apps/sylar/lib/gcc/x86_64-pc-linux-gnu/
LIBRARY_PATH=/apps/sylar/lib/gcc/x86_64-pc-linux-gnu/9.1.0/:/apps/sylar/lib/gcc/x86_64-pc-linux-gnu/9.1.0/../../../../lib64/:/lib/../lib64/:/usr/lib/../lib64/:/apps/sylar/lib/gcc/x86_64-pc-linux-gnu/9.1.0/../../../:/lib/:/usr/lib/
COLLECT_GCC_OPTIONS='-v' '-rdynamic' '-o' 'cmTC_aa6cf' '-mtune=generic' '-march=x86-64'
 /apps/sylar/libexec/gcc/x86_64-pc-linux-gnu/9.1.0/collect2 -plugin /apps/sylar/libexec/gcc/x86_64-pc-linux-gnu/9.1.0/liblto_plugin.so -plugin-opt=/apps/sylar/libexec/gcc/x86_64-pc-linux-gnu/9.1.0/lto-wrapper -plugin-opt=-fresolution=/tmp/cc5kyLWe.res -plugin-opt=-pass-through=-lgcc -plugin-opt=-pass-through=-lgcc_s -plugin-opt=-pass-through=-lc -plugin-opt=-pass-through=-lgcc -plugin-opt=-pass-through=-lgcc_s --eh-frame-hdr -m elf_x86_64 -export-dynamic -dynamic-linker /lib64/ld-linux-x86-64.so.2 -o cmTC_aa6cf /lib/../lib64/crt1.o /lib/../lib64/crti.o /apps/sylar/lib/gcc/x86_64-pc-linux-gnu/9.1.0/crtbegin.o -L/apps/sylar/lib/gcc/x86_64-pc-linux-gnu/9.1.0 -L/apps/sylar/lib/gcc/x86_64-pc-linux-gnu/9.1.0/../../../../lib64 -L/lib/../lib64 -L/usr/lib/../lib64 -L/apps/sylar/lib/gcc/x86_64-pc-linux-gnu/9.1.0/../../.. CMakeFiles/cmTC_aa6cf.dir/CMakeCCompilerABI.c.o -lgcc --as-needed -lgcc_s --no-as-needed -lc -lgcc --as-needed -lgcc_s --no-as-needed /apps/sylar/lib/gcc/x86_64-pc-linux-gnu/9.1.0/crtend.o /lib/../lib64/crtn.o
COLLECT_GCC_OPTIONS='-v' '-rdynamic' '-o' 'cmTC_aa6cf' '-mtune=generic' '-march=x86-64'
gmake[1]: Leaving directory `/home/sylar/build/CMakeFiles/CMakeTmp'



Parsed C implicit include dir info from above output: rv=done
  found start of include info
  found start of implicit include info
    add: [/apps/sylar/lib/gcc/x86_64-pc-linux-gnu/9.1.0/include]
    add: [/usr/local/include]
    add: [/apps/sylar/include]
    add: [/apps/sylar/lib/gcc/x86_64-pc-linux-gnu/9.1.0/include-fixed]
    add: [/usr/include]
  end of search list found
  collapse include dir [/apps/sylar/lib/gcc/x86_64-pc-linux-gnu/9.1.0/include] ==> [/apps/sylar/lib/gcc/x86_64-pc-linux-gnu/9.1.0/include]
  collapse include dir [/usr/local/include] ==> [/usr/local/include]
  collapse include dir [/apps/sylar/include] ==> [/apps/sylar/include]
  collapse include dir [/apps/sylar/lib/gcc/x86_64-pc-linux-gnu/9.1.0/include-fixed] ==> [/apps/sylar/lib/gcc/x86_64-pc-linux-gnu/9.1.0/include-fixed]
  collapse include dir [/usr/include] ==> [/usr/include]
  implicit include dirs: [/apps/sylar/lib/gcc/x86_64-pc-linux-gnu/9.1.0/include;/usr/local/include;/apps/sylar/include;/apps/sylar/lib/gcc/x86_64-pc-linux-gnu/9.1.0/include-fixed;/usr/include]


Parsed C implicit link information from above output:
  link line regex: [^( *|.*[/\])(ld|CMAKE_LINK_STARTFILE-NOTFOUND|([^/\]+-)?ld|collect2)[^/\]*( |$)]
  ignore line: [Change Dir: /home/sylar/build/CMakeFiles/CMakeTmp]
  ignore line: []
  ignore line: [Run Build Command(s):/usr/bin/gmake cmTC_aa6cf/fast && /usr/bin/gmake -f CMakeFiles/cmTC_aa6cf.dir/build.make CMakeFiles/cmTC_aa6cf.dir/build]
  ignore line: [gmake[1]: Entering directory `/home/sylar/build/CMakeFiles/CMakeTmp']
  ignore line: [Building C object CMakeFiles/cmTC_aa6cf.dir/CMakeCCompilerABI.c.o]
  ignore line: [/apps/sylar/bin/gcc   -v -o CMakeFiles/cmTC_aa6cf.dir/CMakeCCompilerABI.c.o   -c /apps/sylar/share/cmake-3.15/Modules/CMakeCCompilerABI.c]
  ignore line: [Using built-in specs.]
  ignore line: [COLLECT_GCC=/apps/sylar/bin/gcc]
  ignore line: [Target: x86_64-pc-linux-gnu]
  ignore line: [Configured with: ../configure --enable-checking=release --enable-languages=c,c++ --disable-multilib --prefix=/apps/sylar]
  ignore line: [Thread model: posix]
  ignore line: [gcc version 9.1.0 (GCC) ]
  ignore line: [COLLECT_GCC_OPTIONS='-v' '-o' 'CMakeFiles/cmTC_aa6cf.dir/CMakeCCompilerABI.c.o' '-c' '-mtune=generic' '-march=x86-64']
  ignore line: [ /apps/sylar/libexec/gcc/x86_64-pc-linux-gnu/9.1.0/cc1 -quiet -v /apps/sylar/share/cmake-3.15/Modules/CMakeCCompilerABI.c -quiet -dumpbase CMakeCCompilerABI.c -mtune=generic -march=x86-64 -auxbase-strip CMakeFiles/cmTC_aa6cf.dir/CMakeCCompilerABI.c.o -version -o /tmp/ccBpcjbd.s]
  ignore line: [GNU C17 (GCC) version 9.1.0 (x86_64-pc-linux-gnu)]
  ignore line: [	compiled by GNU C version 9.1.0, GMP version 6.1.0, MPFR version 3.1.4, MPC version 1.0.3, isl version isl-0.18-GMP]
  ignore line: []
  ignore line: [GGC heuristics: --param ggc-min-expand=100 --param ggc-min-heapsize=131072]
  ignore line: [ignoring nonexistent directory "/apps/sylar/lib/gcc/x86_64-pc-linux-gnu/9.1.0/../../../../x86_64-pc-linux-gnu/include"]
  ignore line: [#include "..." search starts here:]
  ignore line: [#include <...> search starts here:]
  ignore line: [ /apps/sylar/lib/gcc/x86_64-pc-linux-gnu/9.1.0/include]
  ignore line: [ /usr/local/include]
  ignore line: [ /apps/sylar/include]
  ignore line: [ /apps/sylar/lib/gcc/x86_64-pc-linux-gnu/9.1.0/include-fixed]
  ignore line: [ /usr/include]
  ignore line: [End of search list.]
  ignore line: [GNU C17 (GCC) version 9.1.0 (x86_64-pc-linux-gnu)]
  ignore line: [	compiled by GNU C version 9.1.0, GMP version 6.1.0, MPFR version 3.1.4, MPC version 1.0.3, isl version isl-0.18-GMP]
  ignore line: []
  ignore line: [GGC heuristics: --param ggc-min-expand=100 --param ggc-min-heapsize=131072]
  ignore line: [Compiler executable checksum: 7ca9fab75fb9d12fd8fdf3772b0fb4f5]
  ignore line: [COLLECT_GCC_OPTIONS='-v' '-o' 'CMakeFiles/cmTC_aa6cf.dir/CMakeCCompilerABI.c.o' '-c' '-mtune=generic' '-march=x86-64']
  ignore line: [ as -v --64 -o CMakeFiles/cmTC_aa6cf.dir/CMakeCCompilerABI.c.o /tmp/ccBpcjbd.s]
  ignore line: [GNU assembler version 2.27 (x86_64-redhat-linux) using BFD version version 2.27-27.base.el7]
  ignore line: [COMPILER_PATH=/apps/sylar/libexec/gcc/x86_64-pc-linux-gnu/9.1.0/:/apps/sylar/libexec/gcc/x86_64-pc-linux-gnu/9.1.0/:/apps/sylar/libexec/gcc/x86_64-pc-linux-gnu/:/apps/sylar/lib/gcc/x86_64-pc-linux-gnu/9.1.0/:/apps/sylar/lib/gcc/x86_64-pc-linux-gnu/]
  ignore line: [LIBRARY_PATH=/apps/sylar/lib/gcc/x86_64-pc-linux-gnu/9.1.0/:/apps/sylar/lib/gcc/x86_64-pc-linux-gnu/9.1.0/../../../../lib64/:/lib/../lib64/:/usr/lib/../lib64/:/apps/sylar/lib/gcc/x86_64-pc-linux-gnu/9.1.0/../../../:/lib/:/usr/lib/]
  ignore line: [COLLECT_GCC_OPTIONS='-v' '-o' 'CMakeFiles/cmTC_aa6cf.dir/CMakeCCompilerABI.c.o' '-c' '-mtune=generic' '-march=x86-64']
  ignore line: [Linking C executable cmTC_aa6cf]
  ignore line: [/apps/sylar/bin/cmake -E cmake_link_script CMakeFiles/cmTC_aa6cf.dir/link.txt --verbose=1]
  ignore line: [/apps/sylar/bin/gcc     -v -rdynamic CMakeFiles/cmTC_aa6cf.dir/CMakeCCompilerABI.c.o  -o cmTC_aa6cf ]
  ignore line: [Using built-in specs.]
  ignore line: [COLLECT_GCC=/apps/sylar/bin/gcc]
  ignore line: [COLLECT_LTO_WRAPPER=/apps/sylar/libexec/gcc/x86_64-pc-linux-gnu/9.1.0/lto-wrapper]
  ignore line: [Target: x86_64-pc-linux-gnu]
  ignore line: [Configured with: ../configure --enable-checking=release --enable-languages=c,c++ --disable-multilib --prefix=/apps/sylar]
  ignore line: [Thread model: posix]
  ignore line: [gcc version 9.1.0 (GCC) ]
  ignore line: [COMPILER_PATH=/apps/sylar/libexec/gcc/x86_64-pc-linux-gnu/9.1.0/:/apps/sylar/libexec/gcc/x86_64-pc-linux-gnu/9.1.0/:/apps/sylar/libexec/gcc/x86_64-pc-linux-gnu/:/apps/sylar/lib/gcc/x86_64-pc-linux-gnu/9.1.0/:/apps/sylar/lib/gcc/x86_64-pc-linux-gnu/]
  ignore line: [LIBRARY_PATH=/apps/sylar/lib/gcc/x86_64-pc-linux-gnu/9.1.0/:/apps/sylar/lib/gcc/x86_64-pc-linux-gnu/9.1.0/../../../../lib64/:/lib/../lib64/:/usr/lib/../lib64/:/apps/sylar/lib/gcc/x86_64-pc-linux-gnu/9.1.0/../../../:/lib/:/usr/lib/]
  ignore line: [COLLECT_GCC_OPTIONS='-v' '-rdynamic' '-o' 'cmTC_aa6cf' '-mtune=generic' '-march=x86-64']
  link line: [ /apps/sylar/libexec/gcc/x86_64-pc-linux-gnu/9.1.0/collect2 -plugin /apps/sylar/libexec/gcc/x86_64-pc-linux-gnu/9.1.0/liblto_plugin.so -plugin-opt=/apps/sylar/libexec/gcc/x86_64-pc-linux-gnu/9.1.0/lto-wrapper -plugin-opt=-fresolution=/tmp/cc5kyLWe.res -plugin-opt=-pass-through=-lgcc -plugin-opt=-pass-through=-lgcc_s -plugin-opt=-pass-through=-lc -plugin-opt=-pass-through=-lgcc -plugin-opt=-pass-through=-lgcc_s --eh-frame-hdr -m elf_x86_64 -export-dynamic -dynamic-linker /lib64/ld-linux-x86-64.so.2 -o cmTC_aa6cf /lib/../lib64/crt1.o /lib/../lib64/crti.o /apps/sylar/lib/gcc/x86_64-pc-linux-gnu/9.1.0/crtbegin.o -L/apps/sylar/lib/gcc/x86_64-pc-linux-gnu/9.1.0 -L/apps/sylar/lib/gcc/x86_64-pc-linux-gnu/9.1.0/../../../../lib64 -L/lib/../lib64 -L/usr/lib/../lib64 -L/apps/sylar/lib/gcc/x86_64-pc-linux-gnu/9.1.0/../../.. CMakeFiles/cmTC_aa6cf.dir/CMakeCCompilerABI.c.o -lgcc --as-needed -lgcc_s --no-as-needed -lc -lgcc --as-needed -lgcc_s --no-as-needed /apps/sylar/lib/gcc/x86_64-pc-linux-gnu/9.1.0/crtend.o /lib/../lib64/crtn.o]
    arg [/apps/sylar/libexec/gcc/x86_64-pc-linux-gnu/9.1.0/collect2] ==> ignore
    arg [-plugin] ==> ignore
    arg [/apps/sylar/libexec/gcc/x86_64-pc-linux-gnu/9.1.0/liblto_plugin.so] ==> ignore
    arg [-plugin-opt=/apps/sylar/libexec/gcc/x86_64-pc-linux-gnu/9.1.0/lto-wrapper] ==> ignore
    arg [-plugin-opt=-fresolution=/tmp/cc5kyLWe.res] ==> ignore
    arg [-plugin-opt=-pass-through=-lgcc] ==> ignore
    arg [-plugin-opt=-pass-through=-lgcc_s] ==> ignore
    arg [-plugin-opt=-pass-through=-lc] ==> ignore
    arg [-plugin-opt=-pass-through=-lgcc] ==> ignore
    arg [-plugin-opt=-pass-through=-lgcc_s] ==> ignore
    arg [--eh-frame-hdr] ==> ignore
    arg [-m] ==> ignore
    arg [elf_x86_64] ==> ignore
    arg [-export-dynamic] ==> ignore
    arg [-dynamic-linker] ==> ignore
    arg [/lib64/ld-linux-x86-64.so.2] ==> ignore
    arg [-o] ==> ignore
    arg [cmTC_aa6cf] ==> ignore
    arg [/lib/../lib64/crt1.o] ==> ignore
    arg [/lib/../lib64/crti.o] ==> ignore
    arg [/apps/sylar/lib/gcc/x86_64-pc-linux-gnu/9.1.0/crtbegin.o] ==> ignore
    arg [-L/apps/sylar/lib/gcc/x86_64-pc-linux-gnu/9.1.0] ==> dir [/apps/sylar/lib/gcc/x86_64-pc-linux-gnu/9.1.0]
    arg [-L/apps/sylar/lib/gcc/x86_64-pc-linux-gnu/9.1.0/../../../../lib64] ==> dir [/apps/sylar/lib/gcc/x86_64-pc-linux-gnu/9.1.0/../../../../lib64]
    arg [-L/lib/../lib64] ==> dir [/lib/../lib64]
    arg [-L/usr/lib/../lib64] ==> dir [/usr/lib/../lib64]
    arg [-L/apps/sylar/lib/gcc/x86_64-pc-linux-gnu/9.1.0/../../..] ==> dir [/apps/sylar/lib/gcc/x86_64-pc-linux-gnu/9.1.0/../../..]
    arg [CMakeFiles/cmTC_aa6cf.dir/CMakeCCompilerABI.c.o] ==> ignore
    arg [-lgcc] ==> lib [gcc]
    arg [--as-needed] ==> ignore
    arg [-lgcc_s] ==> lib [gcc_s]
    arg [--no-as-needed] ==> ignore
    arg [-lc] ==> lib [c]
    arg [-lgcc] ==> lib [gcc]
    arg [--as-needed] ==> ignore
    arg [-lgcc_s] ==> lib [gcc_s]
    arg [--no-as-needed] ==> ignore
    arg [/apps/sylar/lib/gcc/x86_64-pc-linux-gnu/9.1.0/crtend.o] ==> ignore
    arg [/lib/../lib64/crtn.o] ==> ignore
  collapse library dir [/apps/sylar/lib/gcc/x86_64-pc-linux-gnu/9.1.0] ==> [/apps/sylar/lib/gcc/x86_64-pc-linux-gnu/9.1.0]
  collapse library dir [/apps/sylar/lib/gcc/x86_64-pc-linux-gnu/9.1.0/../../../../lib64] ==> [/apps/sylar/lib64]
  collapse library dir [/lib/../lib64] ==> [/lib64]
  collapse library dir [/usr/lib/../lib64] ==> [/usr/lib64]
  collapse library dir [/apps/sylar/lib/gcc/x86_64-pc-linux-gnu/9.1.0/../../..] ==> [/apps/sylar/lib]
  implicit libs: [gcc;gcc_s;c;gcc;gcc_s]
  implicit dirs: [/apps/sylar/lib/gcc/x86_64-pc-linux-gnu/9.1.0;/apps/sylar/lib64;/lib64;/usr/lib64;/apps/sylar/lib]
  implicit fwks: []


Determining if the CXX compiler works passed with the following output:
Change Dir: /home/sylar/build/CMakeFiles/CMakeTmp

Run Build Command(s):/usr/bin/gmake cmTC_977ca/fast && /usr/bin/gmake -f CMakeFiles/cmTC_977ca.dir/build.make CMakeFiles/cmTC_977ca.dir/build
gmake[1]: Entering directory `/home/sylar/build/CMakeFiles/CMakeTmp'
Building CXX object CMakeFiles/cmTC_977ca.dir/testCXXCompiler.cxx.o
/apps/sylar/bin/g++     -o CMakeFiles/cmTC_977ca.dir/testCXXCompiler.cxx.o -c /home/sylar/build/CMakeFiles/CMakeTmp/testCXXCompiler.cxx
Linking CXX executable cmTC_977ca
/apps/sylar/bin/cmake -E cmake_link_script CMakeFiles/cmTC_977ca.dir/link.txt --verbose=1
/apps/sylar/bin/g++       -rdynamic CMakeFiles/cmTC_977ca.dir/testCXXCompiler.cxx.o  -o cmTC_977ca 
gmake[1]: Leaving directory `/home/sylar/build/CMakeFiles/CMakeTmp'



Detecting CXX compiler ABI info compiled with the following output:
Change Dir: /home/sylar/build/CMakeFiles/CMakeTmp

Run Build Command(s):/usr/bin/gmake cmTC_0e3f7/fast && /usr/bin/gmake -f CMakeFiles/cmTC_0e3f7.dir/build.make CMakeFiles/cmTC_0e3f7.dir/build
gmake[1]: Entering directory `/home/sylar/build/CMakeFiles/CMakeTmp'
Building CXX object CMakeFiles/cmTC_0e3f7.dir/CMakeCXXCompilerABI.cpp.o
/apps/sylar/bin/g++    -v -o CMakeFiles/cmTC_0e3f7.dir/CMakeCXXCompilerABI.cpp.o -c /apps/sylar/share/cmake-3.15/Modules/CMakeCXXCompilerABI.cpp
Using built-in specs.
COLLECT_GCC=/apps/sylar/bin/g++
Target: x86_64-pc-linux-gnu
Configured with: ../configure --enable-checking=release --enable-languages=c,c++ --disable-multilib --prefix=/apps/sylar
Thread model: posix
gcc version 9.1.0 (GCC) 
COLLECT_GCC_OPTIONS='-v' '-o' 'CMakeFiles/cmTC_0e3f7.dir/CMakeCXXCompilerABI.cpp.o' '-c' '-shared-libgcc' '-mtune=generic' '-march=x86-64'
 /apps/sylar/libexec/gcc/x86_64-pc-linux-gnu/9.1.0/cc1plus -quiet -v -D_GNU_SOURCE /apps/sylar/share/cmake-3.15/Modules/CMakeCXXCompilerABI.cpp -quiet -dumpbase CMakeCXXCompilerABI.cpp -mtune=generic -march=x86-64 -auxbase-strip CMakeFiles/cmTC_0e3f7.dir/CMakeCXXCompilerABI.cpp.o -version -o /tmp/ccRcdRnw.s
GNU C++14 (GCC) version 9.1.0 (x86_64-pc-linux-gnu)
	compiled by GNU C version 9.1.0, GMP version 6.1.0, MPFR version 3.1.4, MPC version 1.0.3, isl version isl-0.18-GMP

GGC heuristics: --param ggc-min-expand=100 --param ggc-min-heapsize=131072
ignoring nonexistent directory "/apps/sylar/lib/gcc/x86_64-pc-linux-gnu/9.1.0/../../../../x86_64-pc-linux-gnu/include"
#include "..." search starts here:
#include <...> search starts here:
 /apps/sylar/lib/gcc/x86_64-pc-linux-gnu/9.1.0/../../../../include/c++/9.1.0
 /apps/sylar/lib/gcc/x86_64-pc-linux-gnu/9.1.0/../../../../include/c++/9.1.0/x86_64-pc-linux-gnu
 /apps/sylar/lib/gcc/x86_64-pc-linux-gnu/9.1.0/../../../../include/c++/9.1.0/backward
 /apps/sylar/lib/gcc/x86_64-pc-linux-gnu/9.1.0/include
 /usr/local/include
 /apps/sylar/include
 /apps/sylar/lib/gcc/x86_64-pc-linux-gnu/9.1.0/include-fixed
 /usr/include
End of search list.
GNU C++14 (GCC) version 9.1.0 (x86_64-pc-linux-gnu)
	compiled by GNU C version 9.1.0, GMP version 6.1.0, MPFR version 3.1.4, MPC version 1.0.3, isl version isl-0.18-GMP

GGC heuristics: --param ggc-min-expand=100 --param ggc-min-heapsize=131072
Compiler executable checksum: a22c0211b7d7d1217700634c301e66ed
COLLECT_GCC_OPTIONS='-v' '-o' 'CMakeFiles/cmTC_0e3f7.dir/CMakeCXXCompilerABI.cpp.o' '-c' '-shared-libgcc' '-mtune=generic' '-march=x86-64'
 as -v --64 -o CMakeFiles/cmTC_0e3f7.dir/CMakeCXXCompilerABI.cpp.o /tmp/ccRcdRnw.s
GNU assembler version 2.27 (x86_64-redhat-linux) using BFD version version 2.27-27.base.el7
COMPILER_PATH=/apps/sylar/libexec/gcc/x86_64-pc-linux-gnu/9.1.0/:/apps/sylar/libexec/gcc/x86_64-pc-linux-gnu/9.1.0/:/apps/sylar/libexec/gcc/x86_64-pc-linux-gnu/:/apps/sylar/lib/gcc/x86_64-pc-linux-gnu/9.1.0/:/apps/sylar/lib/gcc/x86_64-pc-linux-gnu/
LIBRARY_PATH=/apps/sylar/lib/gcc/x86_64-pc-linux-gnu/9.1.0/:/apps/sylar/lib/gcc/x86_64-pc-linux-gnu/9.1.0/../../../../lib64/:/lib/../lib64/:/usr/lib/../lib64/:/apps/sylar/lib/gcc/x86_64-pc-linux-gnu/9.1.0/../../../:/lib/:/usr/lib/
COLLECT_GCC_OPTIONS='-v' '-o' 'CMakeFiles/cmTC_0e3f7.dir/CMakeCXXCompilerABI.cpp.o' '-c' '-shared-libgcc' '-mtune=generic' '-march=x86-64'
Linking CXX executable cmTC_0e3f7
/apps/sylar/bin/cmake -E cmake_link_script CMakeFiles/cmTC_0e3f7.dir/link.txt --verbose=1
/apps/sylar/bin/g++      -v -rdynamic CMakeFiles/cmTC_0e3f7.dir/CMakeCXXCompilerABI.cpp.o  -o cmTC_0e3f7 
Using built-in specs.
COLLECT_GCC=/apps/sylar/bin/g++
COLLECT_LTO_WRAPPER=/apps/sylar/libexec/gcc/x86_64-pc-linux-gnu/9.1.0/lto-wrapper
Target: x86_64-pc-linux-gnu
Configured with: ../configure --enable-checking=release --enable-languages=c,c++ --disable-multilib --prefix=/apps/sylar
Thread model: posix
gcc version 9.1.0 (GCC) 
COMPILER_PATH=/apps/sylar/libexec/gcc/x86_64-pc-linux-gnu/9.1.0/:/apps/sylar/libexec/gcc/x86_64-pc-linux-gnu/9.1.0/:/apps/sylar/libexec/gcc/x86_64-pc-linux-gnu/:/apps/sylar/lib/gcc/x86_64-pc-linux-gnu/9.1.0/:/apps/sylar/lib/gcc/x86_64-pc-linux-gnu/
LIBRARY_PATH=/apps/sylar/lib/gcc/x86_64-pc-linux-gnu/9.1.0/:/apps/sylar/lib/gcc/x86_64-pc-linux-gnu/9.1.0/../../../../lib64/:/lib/../lib64/:/usr/lib/../lib64/:/apps/sylar/lib/gcc/x86_64-pc-linux-gnu/9.1.0/../../../:/lib/:/usr/lib/
COLLECT_GCC_OPTIONS='-v' '-rdynamic' '-o' 'cmTC_0e3f7' '-shared-libgcc' '-mtune=generic' '-march=x86-64'
 /apps/sylar/libexec/gcc/x86_64-pc-linux-gnu/9.1.0/collect2 -plugin /apps/sylar/libexec/gcc/x86_64-pc-linux-gnu/9.1.0/liblto_plugin.so -plugin-opt=/apps/sylar/libexec/gcc/x86_64-pc-linux-gnu/9.1.0/lto-wrapper -plugin-opt=-fresolution=/tmp/ccsYQWIv.res -plugin-opt=-pass-through=-lgcc_s -plugin-opt=-pass-through=-lgcc -plugin-opt=-pass-through=-lc -plugin-opt=-pass-through=-lgcc_s -plugin-opt=-pass-through=-lgcc --eh-frame-hdr -m elf_x86_64 -export-dynamic -dynamic-linker /lib64/ld-linux-x86-64.so.2 -o cmTC_0e3f7 /lib/../lib64/crt1.o /lib/../lib64/crti.o /apps/sylar/lib/gcc/x86_64-pc-linux-gnu/9.1.0/crtbegin.o -L/apps/sylar/lib/gcc/x86_64-pc-linux-gnu/9.1.0 -L/apps/sylar/lib/gcc/x86_64-pc-linux-gnu/9.1.0/../../../../lib64 -L/lib/../lib64 -L/usr/lib/../lib64 -L/apps/sylar/lib/gcc/x86_64-pc-linux-gnu/9.1.0/../../.. CMakeFiles/cmTC_0e3f7.dir/CMakeCXXCompilerABI.cpp.o -lstdc++ -lm -lgcc_s -lgcc -lc -lgcc_s -lgcc /apps/sylar/lib/gcc/x86_64-pc-linux-gnu/9.1.0/crtend.o /lib/../lib64/crtn.o
COLLECT_GCC_OPTIONS='-v' '-rdynamic' '-o' 'cmTC_0e3f7' '-shared-libgcc' '-mtune=generic' '-march=x86-64'
gmake[1]: Leaving directory `/home/sylar/build/CMakeFiles/CMakeTmp'



Parsed CXX implicit include dir info from above output: rv=done
  found start of include info
  found start of implicit include info
    add: [/apps/sylar/lib/gcc/x86_64-pc-linux-gnu/9.1.0/../../../../include/c++/9.1.0]
    add: [/apps/sylar/lib/gcc/x86_64-pc-linux-gnu/9.1.0/../../../../include/c++/9.1.0/x86_64-pc-linux-gnu]
    add: [/apps/sylar/lib/gcc/x86_64-pc-linux-gnu/9.1.0/../../../../include/c++/9.1.0/backward]
    add: [/apps/sylar/lib/gcc/x86_64-pc-linux-gnu/9.1.0/include]
    add: [/usr/local/include]
    add: [/apps/sylar/include]
    add: [/apps/sylar/lib/gcc/x86_64-pc-linux-gnu/9.1.0/include-fixed]
    add: [/usr/include]
  end of search list found
  collapse include dir [/apps/sylar/lib/gcc/x86_64-pc-linux-gnu/9.1.0/../../../../include/c++/9.1.0] ==> [/apps/sylar/include/c++/9.1.0]
  collapse include dir [/apps/sylar/lib/gcc/x86_64-pc-linux-gnu/9.1.0/../../../../include/c++/9.1.0/x86_64-pc-linux-gnu] ==> [/apps/sylar/include/c++/9.1.0/x86_64-pc-linux-gnu]
  collapse include dir [/apps/sylar/lib/gcc/x86_64-pc-linux-gnu/9.1.0/../../../../include/c++/9.1.0/backward] ==> [/apps/sylar/include/c++/9.1.0/backward]
  collapse include dir [/apps/sylar/lib/gcc/x86_64-pc-linux-gnu/9.1.0/include] ==> [/apps/sylar/lib/gcc/x86_64-pc-linux-gnu/9.1.0/include]
  collapse include dir [/usr/local/include] ==> [/usr/local/include]
  collapse include dir [/apps/sylar/include] ==> [/apps/sylar/include]
  collapse include dir [/apps/sylar/lib/gcc/x86_64-pc-linux-gnu/9.1.0/include-fixed] ==> [/apps/sylar/lib/gcc/x86_64-pc-linux-gnu/9.1.0/include-fixed]
  collapse include dir [/usr/include] ==> [/usr/include]
  implicit include dirs: [/apps/sylar/include/c++/9.1.0;/apps/sylar/include/c++/9.1.0/x86_64-pc-linux-gnu;/apps/sylar/include/c++/9.1.0/backward;/apps/sylar/lib/gcc/x86_64-pc-linux-gnu/9.1.0/include;/usr/local/include;/apps/sylar/include;/apps/sylar/lib/gcc/x86_64-pc-linux-gnu/9.1.0/include-fixed;/usr/include]


Parsed CXX implicit link information from above output:
  link line regex: [^( *|.*[/\])(ld|CMAKE_LINK_STARTFILE-NOTFOUND|([^/\]+-)?ld|collect2)[^/\]*( |$)]
  ignore line: [Change Dir: /home/sylar/build/CMakeFiles/CMakeTmp]
  ignore line: []
  ignore line: [Run Build Command(s):/usr/bin/gmake cmTC_0e3f7/fast && /usr/bin/gmake -f CMakeFiles/cmTC_0e3f7.dir/build.make CMakeFiles/cmTC_0e3f7.dir/build]
  ignore line: [gmake[1]: Entering directory `/home/sylar/build/CMakeFiles/CMakeTmp']
  ignore line: [Building CXX object CMakeFiles/cmTC_0e3f7.dir/CMakeCXXCompilerABI.cpp.o]
  ignore line: [/apps/sylar/bin/g++    -v -o CMakeFiles/cmTC_0e3f7.dir/CMakeCXXCompilerABI.cpp.o -c /apps/sylar/share/cmake-3.15/Modules/CMakeCXXCompilerABI.cpp]
  ignore line: [Using built-in specs.]
  ignore line: [COLLECT_GCC=/apps/sylar/bin/g++]
  ignore line: [Target: x86_64-pc-linux-gnu]
  ignore line: [Configured with: ../configure --enable-checking=release --enable-languages=c,c++ --disable-multilib --prefix=/apps/sylar]
  ignore line: [Thread model: posix]
  ignore line: [gcc version 9.1.0 (GCC) ]
  ignore line: [COLLECT_GCC_OPTIONS='-v' '-o' 'CMakeFiles/cmTC_0e3f7.dir/CMakeCXXCompilerABI.cpp.o' '-c' '-shared-libgcc' '-mtune=generic' '-march=x86-64']
  ignore line: [ /apps/sylar/libexec/gcc/x86_64-pc-linux-gnu/9.1.0/cc1plus -quiet -v -D_GNU_SOURCE /apps/sylar/share/cmake-3.15/Modules/CMakeCXXCompilerABI.cpp -quiet -dumpbase CMakeCXXCompilerABI.cpp -mtune=generic -march=x86-64 -auxbase-strip CMakeFiles/cmTC_0e3f7.dir/CMakeCXXCompilerABI.cpp.o -version -o /tmp/ccRcdRnw.s]
  ignore line: [GNU C++14 (GCC) version 9.1.0 (x86_64-pc-linux-gnu)]
  ignore line: [	compiled by GNU C version 9.1.0, GMP version 6.1.0, MPFR version 3.1.4, MPC version 1.0.3, isl version isl-0.18-GMP]
  ignore line: []
  ignore line: [GGC heuristics: --param ggc-min-expand=100 --param ggc-min-heapsize=131072]
  ignore line: [ignoring nonexistent directory "/apps/sylar/lib/gcc/x86_64-pc-linux-gnu/9.1.0/../../../../x86_64-pc-linux-gnu/include"]
  ignore line: [#include "..." search starts here:]
  ignore line: [#include <...> search starts here:]
  ignore line: [ /apps/sylar/lib/gcc/x86_64-pc-linux-gnu/9.1.0/../../../../include/c++/9.1.0]
  ignore line: [ /apps/sylar/lib/gcc/x86_64-pc-linux-gnu/9.1.0/../../../../include/c++/9.1.0/x86_64-pc-linux-gnu]
  ignore line: [ /apps/sylar/lib/gcc/x86_64-pc-linux-gnu/9.1.0/../../../../include/c++/9.1.0/backward]
  ignore line: [ /apps/sylar/lib/gcc/x86_64-pc-linux-gnu/9.1.0/include]
  ignore line: [ /usr/local/include]
  ignore line: [ /apps/sylar/include]
  ignore line: [ /apps/sylar/lib/gcc/x86_64-pc-linux-gnu/9.1.0/include-fixed]
  ignore line: [ /usr/include]
  ignore line: [End of search list.]
  ignore line: [GNU C++14 (GCC) version 9.1.0 (x86_64-pc-linux-gnu)]
  ignore line: [	compiled by GNU C version 9.1.0, GMP version 6.1.0, MPFR version 3.1.4, MPC version 1.0.3, isl version isl-0.18-GMP]
  ignore line: []
  ignore line: [GGC heuristics: --param ggc-min-expand=100 --param ggc-min-heapsize=131072]
  ignore line: [Compiler executable checksum: a22c0211b7d7d1217700634c301e66ed]
  ignore line: [COLLECT_GCC_OPTIONS='-v' '-o' 'CMakeFiles/cmTC_0e3f7.dir/CMakeCXXCompilerABI.cpp.o' '-c' '-shared-libgcc' '-mtune=generic' '-march=x86-64']
  ignore line: [ as -v --64 -o CMakeFiles/cmTC_0e3f7.dir/CMakeCXXCompilerABI.cpp.o /tmp/ccRcdRnw.s]
  ignore line: [GNU assembler version 2.27 (x86_64-redhat-linux) using BFD version version 2.27-27.base.el7]
  ignore line: [COMPILER_PATH=/apps/sylar/libexec/gcc/x86_64-pc-linux-gnu/9.1.0/:/apps/sylar/libexec/gcc/x86_64-pc-linux-gnu/9.1.0/:/apps/sylar/libexec/gcc/x86_64-pc-linux-gnu/:/apps/sylar/lib/gcc/x86_64-pc-linux-gnu/9.1.0/:/apps/sylar/lib/gcc/x86_64-pc-linux-gnu/]
  ignore line: [LIBRARY_PATH=/apps/sylar/lib/gcc/x86_64-pc-linux-gnu/9.1.0/:/apps/sylar/lib/gcc/x86_64-pc-linux-gnu/9.1.0/../../../../lib64/:/lib/../lib64/:/usr/lib/../lib64/:/apps/sylar/lib/gcc/x86_64-pc-linux-gnu/9.1.0/../../../:/lib/:/usr/lib/]
  ignore line: [COLLECT_GCC_OPTIONS='-v' '-o' 'CMakeFiles/cmTC_0e3f7.dir/CMakeCXXCompilerABI.cpp.o' '-c' '-shared-libgcc' '-mtune=generic' '-march=x86-64']
  ignore line: [Linking CXX executable cmTC_0e3f7]
  ignore line: [/apps/sylar/bin/cmake -E cmake_link_script CMakeFiles/cmTC_0e3f7.dir/link.txt --verbose=1]
  ignore line: [/apps/sylar/bin/g++      -v -rdynamic CMakeFiles/cmTC_0e3f7.dir/CMakeCXXCompilerABI.cpp.o  -o cmTC_0e3f7 ]
  ignore line: [Using built-in specs.]
  ignore line: [COLLECT_GCC=/apps/sylar/bin/g++]
  ignore line: [COLLECT_LTO_WRAPPER=/apps/sylar/libexec/gcc/x86_64-pc-linux-gnu/9.1.0/lto-wrapper]
  ignore line: [Target: x86_64-pc-linux-gnu]
  ignore line: [Configured with: ../configure --enable-checking=release --enable-languages=c,c++ --disable-multilib --prefix=/apps/sylar]
  ignore line: [Thread model: posix]
  ignore line: [gcc version 9.1.0 (GCC) ]
  ignore line: [COMPILER_PATH=/apps/sylar/libexec/gcc/x86_64-pc-linux-gnu/9.1.0/:/apps/sylar/libexec/gcc/x86_64-pc-linux-gnu/9.1.0/:/apps/sylar/libexec/gcc/x86_64-pc-linux-gnu/:/apps/sylar/lib/gcc/x86_64-pc-linux-gnu/9.1.0/:/apps/sylar/lib/gcc/x86_64-pc-linux-gnu/]
  ignore line: [LIBRARY_PATH=/apps/sylar/lib/gcc/x86_64-pc-linux-gnu/9.1.0/:/apps/sylar/lib/gcc/x86_64-pc-linux-gnu/9.1.0/../../../../lib64/:/lib/../lib64/:/usr/lib/../lib64/:/apps/sylar/lib/gcc/x86_64-pc-linux-gnu/9.1.0/../../../:/lib/:/usr/lib/]
  ignore line: [COLLECT_GCC_OPTIONS='-v' '-rdynamic' '-o' 'cmTC_0e3f7' '-shared-libgcc' '-mtune=generic' '-march=x86-64']
  link line: [ /apps/sylar/libexec/gcc/x86_64-pc-linux-gnu/9.1.0/collect2 -plugin /apps/sylar/libexec/gcc/x86_64-pc-linux-gnu/9.1.0/liblto_plugin.so -plugin-opt=/apps/sylar/libexec/gcc/x86_64-pc-linux-gnu/9.1.0/lto-wrapper -plugin-opt=-fresolution=/tmp/ccsYQWIv.res -plugin-opt=-pass-through=-lgcc_s -plugin-opt=-pass-through=-lgcc -plugin-opt=-pass-through=-lc -plugin-opt=-pass-through=-lgcc_s -plugin-opt=-pass-through=-lgcc --eh-frame-hdr -m elf_x86_64 -export-dynamic -dynamic-linker /lib64/ld-linux-x86-64.so.2 -o cmTC_0e3f7 /lib/../lib64/crt1.o /lib/../lib64/crti.o /apps/sylar/lib/gcc/x86_64-pc-linux-gnu/9.1.0/crtbegin.o -L/apps/sylar/lib/gcc/x86_64-pc-linux-gnu/9.1.0 -L/apps/sylar/lib/gcc/x86_64-pc-linux-gnu/9.1.0/../../../../lib64 -L/lib/../lib64 -L/usr/lib/../lib64 -L/apps/sylar/lib/gcc/x86_64-pc-linux-gnu/9.1.0/../../.. CMakeFiles/cmTC_0e3f7.dir/CMakeCXXCompilerABI.cpp.o -lstdc++ -lm -lgcc_s -lgcc -lc -lgcc_s -lgcc /apps/sylar/lib/gcc/x86_64-pc-linux-gnu/9.1.0/crtend.o /lib/../lib64/crtn.o]
    arg [/apps/sylar/libexec/gcc/x86_64-pc-linux-gnu/9.1.0/collect2] ==> ignore
    arg [-plugin] ==> ignore
    arg [/apps/sylar/libexec/gcc/x86_64-pc-linux-gnu/9.1.0/liblto_plugin.so] ==> ignore
    arg [-plugin-opt=/apps/sylar/libexec/gcc/x86_64-pc-linux-gnu/9.1.0/lto-wrapper] ==> ignore
    arg [-plugin-opt=-fresolution=/tmp/ccsYQWIv.res] ==> ignore
    arg [-plugin-opt=-pass-through=-lgcc_s] ==> ignore
    arg [-plugin-opt=-pass-through=-lgcc] ==> ignore
    arg [-plugin-opt=-pass-through=-lc] ==> ignore
    arg [-plugin-opt=-pass-through=-lgcc_s] ==> ignore
    arg [-plugin-opt=-pass-through=-lgcc] ==> ignore
    arg [--eh-frame-hdr] ==> ignore
    arg [-m] ==> ignore
    arg [elf_x86_64] ==> ignore
    arg [-export-dynamic] ==> ignore
    arg [-dynamic-linker] ==> ignore
    arg [/lib64/ld-linux-x86-64.so.2] ==> ignore
    arg [-o] ==> ignore
    arg [cmTC_0e3f7] ==> ignore
    arg [/lib/../lib64/crt1.o] ==> ignore
    arg [/lib/../lib64/crti.o] ==> ignore
    arg [/apps/sylar/lib/gcc/x86_64-pc-linux-gnu/9.1.0/crtbegin.o] ==> ignore
    arg [-L/apps/sylar/lib/gcc/x86_64-pc-linux-gnu/9.1.0] ==> dir [/apps/sylar/lib/gcc/x86_64-pc-linux-gnu/9.1.0]
    arg [-L/apps/sylar/lib/gcc/x86_64-pc-linux-gnu/9.1.0/../../../../lib64] ==> dir [/apps/sylar/lib/gcc/x86_64-pc-linux-gnu/9.1.0/../../../../lib64]
    arg [-L/lib/../lib64] ==> dir [/lib/../lib64]
    arg [-L/usr/lib/../lib64] ==> dir [/usr/lib/../lib64]
    arg [-L/apps/sylar/lib/gcc/x86_64-pc-linux-gnu/9.1.0/../../..] ==> dir [/apps/sylar/lib/gcc/x86_64-pc-linux-gnu/9.1.0/../../..]
    arg [CMakeFiles/cmTC_0e3f7.dir/CMakeCXXCompilerABI.cpp.o] ==> ignore
    arg [-lstdc++] ==> lib [stdc++]
    arg [-lm] ==> lib [m]
    arg [-lgcc_s] ==> lib [gcc_s]
    arg [-lgcc] ==> lib [gcc]
    arg [-lc] ==> lib [c]
    arg [-lgcc_s] ==> lib [gcc_s]
    arg [-lgcc] ==> lib [gcc]
    arg [/apps/sylar/lib/gcc/x86_64-pc-linux-gnu/9.1.0/crtend.o] ==> ignore
    arg [/lib/../lib64/crtn.o] ==> ignore
  collapse library dir [/apps/sylar/lib/gcc/x86_64-pc-linux-gnu/9.1.0] ==> [/apps/sylar/lib/gcc/x86_64-pc-linux-gnu/9.1.0]
  collapse library dir [/apps/sylar/lib/gcc/x86_64-pc-linux-gnu/9.1.0/../../../../lib64] ==> [/apps/sylar/lib64]
  collapse library dir [/lib/../lib64] ==> [/lib64]
  collapse library dir [/usr/lib/../lib64] ==> [/usr/lib64]
  collapse library dir [/apps/sylar/lib/gcc/x86_64-pc-linux-gnu/9.1.0/../../..] ==> [/apps/sylar/lib]
  implicit libs: [stdc++;m;gcc_s;gcc;c;gcc_s;gcc]
  implicit dirs: [/apps/sylar/lib/gcc/x86_64-pc-linux-gnu/9.1.0;/apps/sylar/lib64;/lib64;/usr/lib64;/apps/sylar/lib]
  implicit fwks: []


